[1.937s] DEBUG:colcon:Command line arguments: ['/home/yz/.local/bin/colcon', 'list', '-n']
[1.937s] DEBUG:colcon:Parsed command line arguments: Namespace(base_paths=['.'], build_base='build', ignore_user_meta=False, log_base=None, log_level=None, main=<bound method ListVerb.main of <colcon_package_information.verb.list.ListVerb object at 0x7f82d7c4aba8>>, metas=['./colcon.meta'], names_only=True, packages_above=None, packages_above_and_dependencies=None, packages_above_depth=None, packages_end=None, packages_ignore=None, packages_ignore_regex=None, packages_select=None, packages_select_build_failed=False, packages_select_by_dep=None, packages_select_regex=None, packages_select_test_failures=False, packages_skip=None, packages_skip_build_finished=False, packages_skip_by_dep=None, packages_skip_regex=None, packages_skip_test_passed=False, packages_skip_up_to=None, packages_start=None, packages_up_to=None, packages_up_to_regex=None, paths=None, paths_only=False, topological_graph=False, topological_graph_density=False, topological_graph_dot=False, topological_graph_dot_cluster=False, topological_graph_dot_include_skipped=False, topological_graph_legend=False, topological_order=False, verb_extension=<colcon_package_information.verb.list.ListVerb object at 0x7f82d7c4aba8>, verb_name='list', verb_parser=<colcon_defaults.argument_parser.defaults.DefaultArgumentsDecorator object at 0x7f82d7c5aba8>)
[1.983s] Level 1:colcon.colcon_core.package_discovery:discover_packages(colcon_meta) check parameters
[1.983s] Level 1:colcon.colcon_core.package_discovery:discover_packages(recursive) check parameters
[1.984s] Level 1:colcon.colcon_core.package_discovery:discover_packages(ignore) check parameters
[1.984s] Level 1:colcon.colcon_core.package_discovery:discover_packages(path) check parameters
[1.984s] Level 1:colcon.colcon_core.package_discovery:discover_packages(colcon_meta) discover
[1.984s] Level 1:colcon.colcon_core.package_discovery:discover_packages(recursive) discover
[1.984s] INFO:colcon.colcon_core.package_discovery:Crawling recursively for packages in '/home/yz/code/tinyhttpd'
[1.984s] Level 1:colcon.colcon_core.package_identification:_identify(.) by extensions ['ignore', 'ignore_ament_install']
[1.984s] Level 1:colcon.colcon_core.package_identification:_identify(.) by extension 'ignore'
[1.984s] Level 1:colcon.colcon_core.package_identification:_identify(.) by extension 'ignore_ament_install'
[1.984s] Level 1:colcon.colcon_core.package_identification:_identify(.) by extensions ['colcon_pkg']
[1.985s] Level 1:colcon.colcon_core.package_identification:_identify(.) by extension 'colcon_pkg'
[1.985s] Level 1:colcon.colcon_core.package_identification:_identify(.) by extensions ['colcon_meta']
[1.985s] Level 1:colcon.colcon_core.package_identification:_identify(.) by extension 'colcon_meta'
[1.985s] Level 1:colcon.colcon_core.package_identification:_identify(.) by extensions ['ros']
[1.985s] Level 1:colcon.colcon_core.package_identification:_identify(.) by extension 'ros'
[2.000s] Level 1:colcon.colcon_core.package_identification:_identify(.) by extensions ['cmake', 'python']
[2.000s] Level 1:colcon.colcon_core.package_identification:_identify(.) by extension 'cmake'
[2.000s] Level 1:colcon.colcon_core.package_identification:_identify(.) by extension 'python'
[2.000s] Level 1:colcon.colcon_core.package_identification:_identify(.) by extensions ['python_setup_py']
[2.000s] Level 1:colcon.colcon_core.package_identification:_identify(.) by extension 'python_setup_py'
[2.001s] Level 1:colcon.colcon_core.package_identification:_identify(example) by extensions ['ignore', 'ignore_ament_install']
[2.001s] Level 1:colcon.colcon_core.package_identification:_identify(example) by extension 'ignore'
[2.001s] Level 1:colcon.colcon_core.package_identification:_identify(example) by extension 'ignore_ament_install'
[2.001s] Level 1:colcon.colcon_core.package_identification:_identify(example) by extensions ['colcon_pkg']
[2.001s] Level 1:colcon.colcon_core.package_identification:_identify(example) by extension 'colcon_pkg'
[2.001s] Level 1:colcon.colcon_core.package_identification:_identify(example) by extensions ['colcon_meta']
[2.001s] Level 1:colcon.colcon_core.package_identification:_identify(example) by extension 'colcon_meta'
[2.001s] Level 1:colcon.colcon_core.package_identification:_identify(example) by extensions ['ros']
[2.001s] Level 1:colcon.colcon_core.package_identification:_identify(example) by extension 'ros'
[2.001s] Level 1:colcon.colcon_core.package_identification:_identify(example) by extensions ['cmake', 'python']
[2.001s] Level 1:colcon.colcon_core.package_identification:_identify(example) by extension 'cmake'
[2.001s] Level 1:colcon.colcon_core.package_identification:_identify(example) by extension 'python'
[2.001s] Level 1:colcon.colcon_core.package_identification:_identify(example) by extensions ['python_setup_py']
[2.002s] Level 1:colcon.colcon_core.package_identification:_identify(example) by extension 'python_setup_py'
[2.002s] Level 1:colcon.colcon_core.package_identification:_identify(htdocs) by extensions ['ignore', 'ignore_ament_install']
[2.002s] Level 1:colcon.colcon_core.package_identification:_identify(htdocs) by extension 'ignore'
[2.002s] Level 1:colcon.colcon_core.package_identification:_identify(htdocs) by extension 'ignore_ament_install'
[2.002s] Level 1:colcon.colcon_core.package_identification:_identify(htdocs) by extensions ['colcon_pkg']
[2.002s] Level 1:colcon.colcon_core.package_identification:_identify(htdocs) by extension 'colcon_pkg'
[2.002s] Level 1:colcon.colcon_core.package_identification:_identify(htdocs) by extensions ['colcon_meta']
[2.002s] Level 1:colcon.colcon_core.package_identification:_identify(htdocs) by extension 'colcon_meta'
[2.002s] Level 1:colcon.colcon_core.package_identification:_identify(htdocs) by extensions ['ros']
[2.002s] Level 1:colcon.colcon_core.package_identification:_identify(htdocs) by extension 'ros'
[2.002s] Level 1:colcon.colcon_core.package_identification:_identify(htdocs) by extensions ['cmake', 'python']
[2.002s] Level 1:colcon.colcon_core.package_identification:_identify(htdocs) by extension 'cmake'
[2.002s] Level 1:colcon.colcon_core.package_identification:_identify(htdocs) by extension 'python'
[2.002s] Level 1:colcon.colcon_core.package_identification:_identify(htdocs) by extensions ['python_setup_py']
[2.002s] Level 1:colcon.colcon_core.package_identification:_identify(htdocs) by extension 'python_setup_py'
[2.003s] Level 1:colcon.colcon_core.package_identification:_identify(log) by extensions ['ignore', 'ignore_ament_install']
[2.003s] Level 1:colcon.colcon_core.package_identification:_identify(log) by extension 'ignore'
[2.003s] Level 1:colcon.colcon_core.package_identification:_identify(log) ignored
[2.003s] Level 1:colcon.colcon_core.package_discovery:discover_packages(recursive) using defaults
[2.003s] Level 1:colcon.colcon_core.package_discovery:discover_packages(ignore) discover
[2.003s] Level 1:colcon.colcon_core.package_discovery:discover_packages(ignore) using defaults
[2.003s] Level 1:colcon.colcon_core.package_discovery:discover_packages(path) discover
[2.003s] Level 1:colcon.colcon_core.package_discovery:discover_packages(path) using defaults
