[6.514s] DEBUG:colcon:Command line arguments: ['/home/yz/.local/bin/colcon', 'list', '-n']
[6.514s] DEBUG:colcon:Parsed command line arguments: Namespace(base_paths=['.'], build_base='build', ignore_user_meta=False, log_base=None, log_level=None, main=<bound method ListVerb.main of <colcon_package_information.verb.list.ListVerb object at 0x7f62d467da58>>, metas=['./colcon.meta'], names_only=True, packages_above=None, packages_above_and_dependencies=None, packages_above_depth=None, packages_end=None, packages_ignore=None, packages_ignore_regex=None, packages_select=None, packages_select_build_failed=False, packages_select_by_dep=None, packages_select_regex=None, packages_select_test_failures=False, packages_skip=None, packages_skip_build_finished=False, packages_skip_by_dep=None, packages_skip_regex=None, packages_skip_test_passed=False, packages_skip_up_to=None, packages_start=None, packages_up_to=None, packages_up_to_regex=None, paths=None, paths_only=False, topological_graph=False, topological_graph_density=False, topological_graph_dot=False, topological_graph_dot_cluster=False, topological_graph_dot_include_skipped=False, topological_graph_legend=False, topological_order=False, verb_extension=<colcon_package_information.verb.list.ListVerb object at 0x7f62d467da58>, verb_name='list', verb_parser=<colcon_defaults.argument_parser.defaults.DefaultArgumentsDecorator object at 0x7f62d468ea90>)
[6.691s] Level 1:colcon.colcon_core.package_discovery:discover_packages(colcon_meta) check parameters
[6.691s] Level 1:colcon.colcon_core.package_discovery:discover_packages(recursive) check parameters
[6.691s] Level 1:colcon.colcon_core.package_discovery:discover_packages(ignore) check parameters
[6.691s] Level 1:colcon.colcon_core.package_discovery:discover_packages(path) check parameters
[6.691s] Level 1:colcon.colcon_core.package_discovery:discover_packages(colcon_meta) discover
[6.691s] Level 1:colcon.colcon_core.package_discovery:discover_packages(recursive) discover
[6.691s] INFO:colcon.colcon_core.package_discovery:Crawling recursively for packages in '/home/yz/code/learnLinux'
[6.691s] Level 1:colcon.colcon_core.package_identification:_identify(.) by extensions ['ignore', 'ignore_ament_install']
[6.691s] Level 1:colcon.colcon_core.package_identification:_identify(.) by extension 'ignore'
[6.691s] Level 1:colcon.colcon_core.package_identification:_identify(.) by extension 'ignore_ament_install'
[6.692s] Level 1:colcon.colcon_core.package_identification:_identify(.) by extensions ['colcon_pkg']
[6.692s] Level 1:colcon.colcon_core.package_identification:_identify(.) by extension 'colcon_pkg'
[6.692s] Level 1:colcon.colcon_core.package_identification:_identify(.) by extensions ['colcon_meta']
[6.692s] Level 1:colcon.colcon_core.package_identification:_identify(.) by extension 'colcon_meta'
[6.692s] Level 1:colcon.colcon_core.package_identification:_identify(.) by extensions ['ros']
[6.692s] Level 1:colcon.colcon_core.package_identification:_identify(.) by extension 'ros'
[6.795s] Level 1:colcon.colcon_core.package_identification:_identify(.) by extensions ['cmake', 'python']
[6.795s] Level 1:colcon.colcon_core.package_identification:_identify(.) by extension 'cmake'
[6.795s] Level 1:colcon.colcon_core.package_identification:_identify(.) by extension 'python'
[6.795s] Level 1:colcon.colcon_core.package_identification:_identify(.) by extensions ['python_setup_py']
[6.795s] Level 1:colcon.colcon_core.package_identification:_identify(.) by extension 'python_setup_py'
[6.795s] Level 1:colcon.colcon_core.package_identification:_identify(lesson04) by extensions ['ignore', 'ignore_ament_install']
[6.796s] Level 1:colcon.colcon_core.package_identification:_identify(lesson04) by extension 'ignore'
[6.796s] Level 1:colcon.colcon_core.package_identification:_identify(lesson04) by extension 'ignore_ament_install'
[6.796s] Level 1:colcon.colcon_core.package_identification:_identify(lesson04) by extensions ['colcon_pkg']
[6.796s] Level 1:colcon.colcon_core.package_identification:_identify(lesson04) by extension 'colcon_pkg'
[6.796s] Level 1:colcon.colcon_core.package_identification:_identify(lesson04) by extensions ['colcon_meta']
[6.796s] Level 1:colcon.colcon_core.package_identification:_identify(lesson04) by extension 'colcon_meta'
[6.796s] Level 1:colcon.colcon_core.package_identification:_identify(lesson04) by extensions ['ros']
[6.796s] Level 1:colcon.colcon_core.package_identification:_identify(lesson04) by extension 'ros'
[6.797s] Level 1:colcon.colcon_core.package_identification:_identify(lesson04) by extensions ['cmake', 'python']
[6.797s] Level 1:colcon.colcon_core.package_identification:_identify(lesson04) by extension 'cmake'
[6.797s] Level 1:colcon.colcon_core.package_identification:_identify(lesson04) by extension 'python'
[6.797s] Level 1:colcon.colcon_core.package_identification:_identify(lesson04) by extensions ['python_setup_py']
[6.797s] Level 1:colcon.colcon_core.package_identification:_identify(lesson04) by extension 'python_setup_py'
[6.797s] Level 1:colcon.colcon_core.package_identification:_identify(lesson04/calc) by extensions ['ignore', 'ignore_ament_install']
[6.797s] Level 1:colcon.colcon_core.package_identification:_identify(lesson04/calc) by extension 'ignore'
[6.797s] Level 1:colcon.colcon_core.package_identification:_identify(lesson04/calc) by extension 'ignore_ament_install'
[6.798s] Level 1:colcon.colcon_core.package_identification:_identify(lesson04/calc) by extensions ['colcon_pkg']
[6.798s] Level 1:colcon.colcon_core.package_identification:_identify(lesson04/calc) by extension 'colcon_pkg'
[6.798s] Level 1:colcon.colcon_core.package_identification:_identify(lesson04/calc) by extensions ['colcon_meta']
[6.798s] Level 1:colcon.colcon_core.package_identification:_identify(lesson04/calc) by extension 'colcon_meta'
[6.798s] Level 1:colcon.colcon_core.package_identification:_identify(lesson04/calc) by extensions ['ros']
[6.798s] Level 1:colcon.colcon_core.package_identification:_identify(lesson04/calc) by extension 'ros'
[6.798s] Level 1:colcon.colcon_core.package_identification:_identify(lesson04/calc) by extensions ['cmake', 'python']
[6.798s] Level 1:colcon.colcon_core.package_identification:_identify(lesson04/calc) by extension 'cmake'
[6.798s] Level 1:colcon.colcon_core.package_identification:_identify(lesson04/calc) by extension 'python'
[6.798s] Level 1:colcon.colcon_core.package_identification:_identify(lesson04/calc) by extensions ['python_setup_py']
[6.798s] Level 1:colcon.colcon_core.package_identification:_identify(lesson04/calc) by extension 'python_setup_py'
[6.798s] Level 1:colcon.colcon_core.package_identification:_identify(lesson04/library) by extensions ['ignore', 'ignore_ament_install']
[6.799s] Level 1:colcon.colcon_core.package_identification:_identify(lesson04/library) by extension 'ignore'
[6.799s] Level 1:colcon.colcon_core.package_identification:_identify(lesson04/library) by extension 'ignore_ament_install'
[6.799s] Level 1:colcon.colcon_core.package_identification:_identify(lesson04/library) by extensions ['colcon_pkg']
[6.799s] Level 1:colcon.colcon_core.package_identification:_identify(lesson04/library) by extension 'colcon_pkg'
[6.799s] Level 1:colcon.colcon_core.package_identification:_identify(lesson04/library) by extensions ['colcon_meta']
[6.799s] Level 1:colcon.colcon_core.package_identification:_identify(lesson04/library) by extension 'colcon_meta'
[6.799s] Level 1:colcon.colcon_core.package_identification:_identify(lesson04/library) by extensions ['ros']
[6.799s] Level 1:colcon.colcon_core.package_identification:_identify(lesson04/library) by extension 'ros'
[6.799s] Level 1:colcon.colcon_core.package_identification:_identify(lesson04/library) by extensions ['cmake', 'python']
[6.799s] Level 1:colcon.colcon_core.package_identification:_identify(lesson04/library) by extension 'cmake'
[6.799s] Level 1:colcon.colcon_core.package_identification:_identify(lesson04/library) by extension 'python'
[6.800s] Level 1:colcon.colcon_core.package_identification:_identify(lesson04/library) by extensions ['python_setup_py']
[6.800s] Level 1:colcon.colcon_core.package_identification:_identify(lesson04/library) by extension 'python_setup_py'
[6.800s] Level 1:colcon.colcon_core.package_identification:_identify(lesson04/library/include) by extensions ['ignore', 'ignore_ament_install']
[6.800s] Level 1:colcon.colcon_core.package_identification:_identify(lesson04/library/include) by extension 'ignore'
[6.800s] Level 1:colcon.colcon_core.package_identification:_identify(lesson04/library/include) by extension 'ignore_ament_install'
[6.800s] Level 1:colcon.colcon_core.package_identification:_identify(lesson04/library/include) by extensions ['colcon_pkg']
[6.800s] Level 1:colcon.colcon_core.package_identification:_identify(lesson04/library/include) by extension 'colcon_pkg'
[6.800s] Level 1:colcon.colcon_core.package_identification:_identify(lesson04/library/include) by extensions ['colcon_meta']
[6.800s] Level 1:colcon.colcon_core.package_identification:_identify(lesson04/library/include) by extension 'colcon_meta'
[6.800s] Level 1:colcon.colcon_core.package_identification:_identify(lesson04/library/include) by extensions ['ros']
[6.800s] Level 1:colcon.colcon_core.package_identification:_identify(lesson04/library/include) by extension 'ros'
[6.801s] Level 1:colcon.colcon_core.package_identification:_identify(lesson04/library/include) by extensions ['cmake', 'python']
[6.801s] Level 1:colcon.colcon_core.package_identification:_identify(lesson04/library/include) by extension 'cmake'
[6.801s] Level 1:colcon.colcon_core.package_identification:_identify(lesson04/library/include) by extension 'python'
[6.801s] Level 1:colcon.colcon_core.package_identification:_identify(lesson04/library/include) by extensions ['python_setup_py']
[6.801s] Level 1:colcon.colcon_core.package_identification:_identify(lesson04/library/include) by extension 'python_setup_py'
[6.801s] Level 1:colcon.colcon_core.package_identification:_identify(lesson04/library/lib) by extensions ['ignore', 'ignore_ament_install']
[6.801s] Level 1:colcon.colcon_core.package_identification:_identify(lesson04/library/lib) by extension 'ignore'
[6.801s] Level 1:colcon.colcon_core.package_identification:_identify(lesson04/library/lib) by extension 'ignore_ament_install'
[6.801s] Level 1:colcon.colcon_core.package_identification:_identify(lesson04/library/lib) by extensions ['colcon_pkg']
[6.801s] Level 1:colcon.colcon_core.package_identification:_identify(lesson04/library/lib) by extension 'colcon_pkg'
[6.801s] Level 1:colcon.colcon_core.package_identification:_identify(lesson04/library/lib) by extensions ['colcon_meta']
[6.801s] Level 1:colcon.colcon_core.package_identification:_identify(lesson04/library/lib) by extension 'colcon_meta'
[6.801s] Level 1:colcon.colcon_core.package_identification:_identify(lesson04/library/lib) by extensions ['ros']
[6.801s] Level 1:colcon.colcon_core.package_identification:_identify(lesson04/library/lib) by extension 'ros'
[6.802s] Level 1:colcon.colcon_core.package_identification:_identify(lesson04/library/lib) by extensions ['cmake', 'python']
[6.802s] Level 1:colcon.colcon_core.package_identification:_identify(lesson04/library/lib) by extension 'cmake'
[6.802s] Level 1:colcon.colcon_core.package_identification:_identify(lesson04/library/lib) by extension 'python'
[6.802s] Level 1:colcon.colcon_core.package_identification:_identify(lesson04/library/lib) by extensions ['python_setup_py']
[6.802s] Level 1:colcon.colcon_core.package_identification:_identify(lesson04/library/lib) by extension 'python_setup_py'
[6.802s] Level 1:colcon.colcon_core.package_identification:_identify(lesson06) by extensions ['ignore', 'ignore_ament_install']
[6.802s] Level 1:colcon.colcon_core.package_identification:_identify(lesson06) by extension 'ignore'
[6.802s] Level 1:colcon.colcon_core.package_identification:_identify(lesson06) by extension 'ignore_ament_install'
[6.802s] Level 1:colcon.colcon_core.package_identification:_identify(lesson06) by extensions ['colcon_pkg']
[6.802s] Level 1:colcon.colcon_core.package_identification:_identify(lesson06) by extension 'colcon_pkg'
[6.802s] Level 1:colcon.colcon_core.package_identification:_identify(lesson06) by extensions ['colcon_meta']
[6.802s] Level 1:colcon.colcon_core.package_identification:_identify(lesson06) by extension 'colcon_meta'
[6.802s] Level 1:colcon.colcon_core.package_identification:_identify(lesson06) by extensions ['ros']
[6.802s] Level 1:colcon.colcon_core.package_identification:_identify(lesson06) by extension 'ros'
[6.802s] Level 1:colcon.colcon_core.package_identification:_identify(lesson06) by extensions ['cmake', 'python']
[6.803s] Level 1:colcon.colcon_core.package_identification:_identify(lesson06) by extension 'cmake'
[6.803s] Level 1:colcon.colcon_core.package_identification:_identify(lesson06) by extension 'python'
[6.803s] Level 1:colcon.colcon_core.package_identification:_identify(lesson06) by extensions ['python_setup_py']
[6.803s] Level 1:colcon.colcon_core.package_identification:_identify(lesson06) by extension 'python_setup_py'
[6.803s] Level 1:colcon.colcon_core.package_identification:_identify(lesson06/calc) by extensions ['ignore', 'ignore_ament_install']
[6.803s] Level 1:colcon.colcon_core.package_identification:_identify(lesson06/calc) by extension 'ignore'
[6.803s] Level 1:colcon.colcon_core.package_identification:_identify(lesson06/calc) by extension 'ignore_ament_install'
[6.803s] Level 1:colcon.colcon_core.package_identification:_identify(lesson06/calc) by extensions ['colcon_pkg']
[6.803s] Level 1:colcon.colcon_core.package_identification:_identify(lesson06/calc) by extension 'colcon_pkg'
[6.803s] Level 1:colcon.colcon_core.package_identification:_identify(lesson06/calc) by extensions ['colcon_meta']
[6.803s] Level 1:colcon.colcon_core.package_identification:_identify(lesson06/calc) by extension 'colcon_meta'
[6.803s] Level 1:colcon.colcon_core.package_identification:_identify(lesson06/calc) by extensions ['ros']
[6.803s] Level 1:colcon.colcon_core.package_identification:_identify(lesson06/calc) by extension 'ros'
[6.804s] Level 1:colcon.colcon_core.package_identification:_identify(lesson06/calc) by extensions ['cmake', 'python']
[6.804s] Level 1:colcon.colcon_core.package_identification:_identify(lesson06/calc) by extension 'cmake'
[6.804s] Level 1:colcon.colcon_core.package_identification:_identify(lesson06/calc) by extension 'python'
[6.804s] Level 1:colcon.colcon_core.package_identification:_identify(lesson06/calc) by extensions ['python_setup_py']
[6.804s] Level 1:colcon.colcon_core.package_identification:_identify(lesson06/calc) by extension 'python_setup_py'
[6.804s] Level 1:colcon.colcon_core.package_identification:_identify(lesson06/library) by extensions ['ignore', 'ignore_ament_install']
[6.804s] Level 1:colcon.colcon_core.package_identification:_identify(lesson06/library) by extension 'ignore'
[6.804s] Level 1:colcon.colcon_core.package_identification:_identify(lesson06/library) by extension 'ignore_ament_install'
[6.804s] Level 1:colcon.colcon_core.package_identification:_identify(lesson06/library) by extensions ['colcon_pkg']
[6.804s] Level 1:colcon.colcon_core.package_identification:_identify(lesson06/library) by extension 'colcon_pkg'
[6.804s] Level 1:colcon.colcon_core.package_identification:_identify(lesson06/library) by extensions ['colcon_meta']
[6.804s] Level 1:colcon.colcon_core.package_identification:_identify(lesson06/library) by extension 'colcon_meta'
[6.804s] Level 1:colcon.colcon_core.package_identification:_identify(lesson06/library) by extensions ['ros']
[6.804s] Level 1:colcon.colcon_core.package_identification:_identify(lesson06/library) by extension 'ros'
[6.805s] Level 1:colcon.colcon_core.package_identification:_identify(lesson06/library) by extensions ['cmake', 'python']
[6.805s] Level 1:colcon.colcon_core.package_identification:_identify(lesson06/library) by extension 'cmake'
[6.805s] Level 1:colcon.colcon_core.package_identification:_identify(lesson06/library) by extension 'python'
[6.805s] Level 1:colcon.colcon_core.package_identification:_identify(lesson06/library) by extensions ['python_setup_py']
[6.805s] Level 1:colcon.colcon_core.package_identification:_identify(lesson06/library) by extension 'python_setup_py'
[6.805s] Level 1:colcon.colcon_core.package_identification:_identify(lesson06/library/include) by extensions ['ignore', 'ignore_ament_install']
[6.805s] Level 1:colcon.colcon_core.package_identification:_identify(lesson06/library/include) by extension 'ignore'
[6.805s] Level 1:colcon.colcon_core.package_identification:_identify(lesson06/library/include) by extension 'ignore_ament_install'
[6.805s] Level 1:colcon.colcon_core.package_identification:_identify(lesson06/library/include) by extensions ['colcon_pkg']
[6.805s] Level 1:colcon.colcon_core.package_identification:_identify(lesson06/library/include) by extension 'colcon_pkg'
[6.805s] Level 1:colcon.colcon_core.package_identification:_identify(lesson06/library/include) by extensions ['colcon_meta']
[6.805s] Level 1:colcon.colcon_core.package_identification:_identify(lesson06/library/include) by extension 'colcon_meta'
[6.806s] Level 1:colcon.colcon_core.package_identification:_identify(lesson06/library/include) by extensions ['ros']
[6.806s] Level 1:colcon.colcon_core.package_identification:_identify(lesson06/library/include) by extension 'ros'
[6.806s] Level 1:colcon.colcon_core.package_identification:_identify(lesson06/library/include) by extensions ['cmake', 'python']
[6.806s] Level 1:colcon.colcon_core.package_identification:_identify(lesson06/library/include) by extension 'cmake'
[6.806s] Level 1:colcon.colcon_core.package_identification:_identify(lesson06/library/include) by extension 'python'
[6.806s] Level 1:colcon.colcon_core.package_identification:_identify(lesson06/library/include) by extensions ['python_setup_py']
[6.806s] Level 1:colcon.colcon_core.package_identification:_identify(lesson06/library/include) by extension 'python_setup_py'
[6.806s] Level 1:colcon.colcon_core.package_identification:_identify(lesson06/library/lib) by extensions ['ignore', 'ignore_ament_install']
[6.806s] Level 1:colcon.colcon_core.package_identification:_identify(lesson06/library/lib) by extension 'ignore'
[6.806s] Level 1:colcon.colcon_core.package_identification:_identify(lesson06/library/lib) by extension 'ignore_ament_install'
[6.806s] Level 1:colcon.colcon_core.package_identification:_identify(lesson06/library/lib) by extensions ['colcon_pkg']
[6.806s] Level 1:colcon.colcon_core.package_identification:_identify(lesson06/library/lib) by extension 'colcon_pkg'
[6.806s] Level 1:colcon.colcon_core.package_identification:_identify(lesson06/library/lib) by extensions ['colcon_meta']
[6.807s] Level 1:colcon.colcon_core.package_identification:_identify(lesson06/library/lib) by extension 'colcon_meta'
[6.807s] Level 1:colcon.colcon_core.package_identification:_identify(lesson06/library/lib) by extensions ['ros']
[6.807s] Level 1:colcon.colcon_core.package_identification:_identify(lesson06/library/lib) by extension 'ros'
[6.807s] Level 1:colcon.colcon_core.package_identification:_identify(lesson06/library/lib) by extensions ['cmake', 'python']
[6.807s] Level 1:colcon.colcon_core.package_identification:_identify(lesson06/library/lib) by extension 'cmake'
[6.807s] Level 1:colcon.colcon_core.package_identification:_identify(lesson06/library/lib) by extension 'python'
[6.807s] Level 1:colcon.colcon_core.package_identification:_identify(lesson06/library/lib) by extensions ['python_setup_py']
[6.807s] Level 1:colcon.colcon_core.package_identification:_identify(lesson06/library/lib) by extension 'python_setup_py'
[6.807s] Level 1:colcon.colcon_core.package_identification:_identify(lesson06/src) by extensions ['ignore', 'ignore_ament_install']
[6.807s] Level 1:colcon.colcon_core.package_identification:_identify(lesson06/src) by extension 'ignore'
[6.807s] Level 1:colcon.colcon_core.package_identification:_identify(lesson06/src) by extension 'ignore_ament_install'
[6.807s] Level 1:colcon.colcon_core.package_identification:_identify(lesson06/src) by extensions ['colcon_pkg']
[6.807s] Level 1:colcon.colcon_core.package_identification:_identify(lesson06/src) by extension 'colcon_pkg'
[6.807s] Level 1:colcon.colcon_core.package_identification:_identify(lesson06/src) by extensions ['colcon_meta']
[6.807s] Level 1:colcon.colcon_core.package_identification:_identify(lesson06/src) by extension 'colcon_meta'
[6.808s] Level 1:colcon.colcon_core.package_identification:_identify(lesson06/src) by extensions ['ros']
[6.808s] Level 1:colcon.colcon_core.package_identification:_identify(lesson06/src) by extension 'ros'
[6.808s] Level 1:colcon.colcon_core.package_identification:_identify(lesson06/src) by extensions ['cmake', 'python']
[6.808s] Level 1:colcon.colcon_core.package_identification:_identify(lesson06/src) by extension 'cmake'
[6.808s] Level 1:colcon.colcon_core.package_identification:_identify(lesson06/src) by extension 'python'
[6.808s] Level 1:colcon.colcon_core.package_identification:_identify(lesson06/src) by extensions ['python_setup_py']
[6.808s] Level 1:colcon.colcon_core.package_identification:_identify(lesson06/src) by extension 'python_setup_py'
[6.808s] Level 1:colcon.colcon_core.package_identification:_identify(lesson07) by extensions ['ignore', 'ignore_ament_install']
[6.808s] Level 1:colcon.colcon_core.package_identification:_identify(lesson07) by extension 'ignore'
[6.808s] Level 1:colcon.colcon_core.package_identification:_identify(lesson07) by extension 'ignore_ament_install'
[6.808s] Level 1:colcon.colcon_core.package_identification:_identify(lesson07) by extensions ['colcon_pkg']
[6.808s] Level 1:colcon.colcon_core.package_identification:_identify(lesson07) by extension 'colcon_pkg'
[6.808s] Level 1:colcon.colcon_core.package_identification:_identify(lesson07) by extensions ['colcon_meta']
[6.808s] Level 1:colcon.colcon_core.package_identification:_identify(lesson07) by extension 'colcon_meta'
[6.809s] Level 1:colcon.colcon_core.package_identification:_identify(lesson07) by extensions ['ros']
[6.809s] Level 1:colcon.colcon_core.package_identification:_identify(lesson07) by extension 'ros'
[6.809s] Level 1:colcon.colcon_core.package_identification:_identify(lesson07) by extensions ['cmake', 'python']
[6.809s] Level 1:colcon.colcon_core.package_identification:_identify(lesson07) by extension 'cmake'
[6.809s] Level 1:colcon.colcon_core.package_identification:_identify(lesson07) by extension 'python'
[6.809s] Level 1:colcon.colcon_core.package_identification:_identify(lesson07) by extensions ['python_setup_py']
[6.809s] Level 1:colcon.colcon_core.package_identification:_identify(lesson07) by extension 'python_setup_py'
[6.809s] Level 1:colcon.colcon_core.package_identification:_identify(log) by extensions ['ignore', 'ignore_ament_install']
[6.809s] Level 1:colcon.colcon_core.package_identification:_identify(log) by extension 'ignore'
[6.809s] Level 1:colcon.colcon_core.package_identification:_identify(log) ignored
[6.810s] Level 1:colcon.colcon_core.package_identification:_identify(math) by extensions ['ignore', 'ignore_ament_install']
[6.810s] Level 1:colcon.colcon_core.package_identification:_identify(math) by extension 'ignore'
[6.810s] Level 1:colcon.colcon_core.package_identification:_identify(math) by extension 'ignore_ament_install'
[6.810s] Level 1:colcon.colcon_core.package_identification:_identify(math) by extensions ['colcon_pkg']
[6.810s] Level 1:colcon.colcon_core.package_identification:_identify(math) by extension 'colcon_pkg'
[6.810s] Level 1:colcon.colcon_core.package_identification:_identify(math) by extensions ['colcon_meta']
[6.810s] Level 1:colcon.colcon_core.package_identification:_identify(math) by extension 'colcon_meta'
[6.810s] Level 1:colcon.colcon_core.package_identification:_identify(math) by extensions ['ros']
[6.810s] Level 1:colcon.colcon_core.package_identification:_identify(math) by extension 'ros'
[6.810s] Level 1:colcon.colcon_core.package_identification:_identify(math) by extensions ['cmake', 'python']
[6.810s] Level 1:colcon.colcon_core.package_identification:_identify(math) by extension 'cmake'
[6.810s] Level 1:colcon.colcon_core.package_identification:_identify(math) by extension 'python'
[6.811s] Level 1:colcon.colcon_core.package_identification:_identify(math) by extensions ['python_setup_py']
[6.811s] Level 1:colcon.colcon_core.package_identification:_identify(math) by extension 'python_setup_py'
[6.811s] Level 1:colcon.colcon_core.package_identification:_identify(src) by extensions ['ignore', 'ignore_ament_install']
[6.811s] Level 1:colcon.colcon_core.package_identification:_identify(src) by extension 'ignore'
[6.811s] Level 1:colcon.colcon_core.package_identification:_identify(src) by extension 'ignore_ament_install'
[6.811s] Level 1:colcon.colcon_core.package_identification:_identify(src) by extensions ['colcon_pkg']
[6.811s] Level 1:colcon.colcon_core.package_identification:_identify(src) by extension 'colcon_pkg'
[6.811s] Level 1:colcon.colcon_core.package_identification:_identify(src) by extensions ['colcon_meta']
[6.811s] Level 1:colcon.colcon_core.package_identification:_identify(src) by extension 'colcon_meta'
[6.811s] Level 1:colcon.colcon_core.package_identification:_identify(src) by extensions ['ros']
[6.811s] Level 1:colcon.colcon_core.package_identification:_identify(src) by extension 'ros'
[6.811s] Level 1:colcon.colcon_core.package_identification:_identify(src) by extensions ['cmake', 'python']
[6.811s] Level 1:colcon.colcon_core.package_identification:_identify(src) by extension 'cmake'
[6.811s] Level 1:colcon.colcon_core.package_identification:_identify(src) by extension 'python'
[6.811s] Level 1:colcon.colcon_core.package_identification:_identify(src) by extensions ['python_setup_py']
[6.811s] Level 1:colcon.colcon_core.package_identification:_identify(src) by extension 'python_setup_py'
[6.812s] Level 1:colcon.colcon_core.package_discovery:discover_packages(recursive) using defaults
[6.812s] Level 1:colcon.colcon_core.package_discovery:discover_packages(ignore) discover
[6.812s] Level 1:colcon.colcon_core.package_discovery:discover_packages(ignore) using defaults
[6.812s] Level 1:colcon.colcon_core.package_discovery:discover_packages(path) discover
[6.812s] Level 1:colcon.colcon_core.package_discovery:discover_packages(path) using defaults
